<?xml version="1.0" encoding="UTF-8"?>
<testsuite xmlns:xsi="http://www.w3.org/2001/XMLSchema-instance" xsi:noNamespaceSchemaLocation="https://maven.apache.org/surefire/maven-surefire-plugin/xsd/surefire-test-report-3.0.xsd" version="3.0" name="web20242.webcourse.WebcourseApplicationTests" time="2.829" tests="1" errors="0" skipped="0" failures="0">
  <properties>
    <property name="java.specification.version" value="17"/>
    <property name="sun.jnu.encoding" value="UTF-8"/>
    <property name="java.class.path" value="/home/phanthetoan1/PTT-Workspaces/2024.2/Web/web-2024.2/backend/target/test-classes:/home/phanthetoan1/PTT-Workspaces/2024.2/Web/web-2024.2/backend/target/classes:/home/phanthetoan1/.m2/repository/io/jsonwebtoken/jjwt-api/0.12.6/jjwt-api-0.12.6.jar:/home/phanthetoan1/.m2/repository/io/jsonwebtoken/jjwt/0.12.6/jjwt-0.12.6.jar:/home/phanthetoan1/.m2/repository/io/jsonwebtoken/jjwt-impl/0.12.6/jjwt-impl-0.12.6.jar:/home/phanthetoan1/.m2/repository/io/jsonwebtoken/jjwt-jackson/0.12.6/jjwt-jackson-0.12.6.jar:/home/phanthetoan1/.m2/repository/com/fasterxml/jackson/core/jackson-databind/2.17.3/jackson-databind-2.17.3.jar:/home/phanthetoan1/.m2/repository/com/fasterxml/jackson/core/jackson-annotations/2.17.3/jackson-annotations-2.17.3.jar:/home/phanthetoan1/.m2/repository/com/fasterxml/jackson/core/jackson-core/2.17.3/jackson-core-2.17.3.jar:/home/phanthetoan1/.m2/repository/org/springframework/boot/spring-boot-starter-data-mongodb/3.3.9/spring-boot-starter-data-mongodb-3.3.9.jar:/home/phanthetoan1/.m2/repository/org/springframework/boot/spring-boot-starter/3.3.9/spring-boot-starter-3.3.9.jar:/home/phanthetoan1/.m2/repository/org/springframework/boot/spring-boot-starter-logging/3.3.9/spring-boot-starter-logging-3.3.9.jar:/home/phanthetoan1/.m2/repository/ch/qos/logback/logback-classic/1.5.16/logback-classic-1.5.16.jar:/home/phanthetoan1/.m2/repository/ch/qos/logback/logback-core/1.5.16/logback-core-1.5.16.jar:/home/phanthetoan1/.m2/repository/org/apache/logging/log4j/log4j-to-slf4j/2.23.1/log4j-to-slf4j-2.23.1.jar:/home/phanthetoan1/.m2/repository/org/apache/logging/log4j/log4j-api/2.23.1/log4j-api-2.23.1.jar:/home/phanthetoan1/.m2/repository/org/slf4j/jul-to-slf4j/2.0.16/jul-to-slf4j-2.0.16.jar:/home/phanthetoan1/.m2/repository/jakarta/annotation/jakarta.annotation-api/2.1.1/jakarta.annotation-api-2.1.1.jar:/home/phanthetoan1/.m2/repository/org/yaml/snakeyaml/2.2/snakeyaml-2.2.jar:/home/phanthetoan1/.m2/repository/org/mongodb/mongodb-driver-sync/5.0.1/mongodb-driver-sync-5.0.1.jar:/home/phanthetoan1/.m2/repository/org/mongodb/bson/5.0.1/bson-5.0.1.jar:/home/phanthetoan1/.m2/repository/org/mongodb/mongodb-driver-core/5.0.1/mongodb-driver-core-5.0.1.jar:/home/phanthetoan1/.m2/repository/org/mongodb/bson-record-codec/5.0.1/bson-record-codec-5.0.1.jar:/home/phanthetoan1/.m2/repository/org/springframework/data/spring-data-mongodb/4.3.9/spring-data-mongodb-4.3.9.jar:/home/phanthetoan1/.m2/repository/org/springframework/spring-tx/6.1.17/spring-tx-6.1.17.jar:/home/phanthetoan1/.m2/repository/org/springframework/spring-context/6.1.17/spring-context-6.1.17.jar:/home/phanthetoan1/.m2/repository/org/springframework/spring-beans/6.1.17/spring-beans-6.1.17.jar:/home/phanthetoan1/.m2/repository/org/springframework/spring-expression/6.1.17/spring-expression-6.1.17.jar:/home/phanthetoan1/.m2/repository/org/springframework/data/spring-data-commons/3.3.9/spring-data-commons-3.3.9.jar:/home/phanthetoan1/.m2/repository/org/slf4j/slf4j-api/2.0.16/slf4j-api-2.0.16.jar:/home/phanthetoan1/.m2/repository/org/springframework/boot/spring-boot-starter-mail/3.3.9/spring-boot-starter-mail-3.3.9.jar:/home/phanthetoan1/.m2/repository/org/springframework/spring-context-support/6.1.17/spring-context-support-6.1.17.jar:/home/phanthetoan1/.m2/repository/org/eclipse/angus/jakarta.mail/2.0.3/jakarta.mail-2.0.3.jar:/home/phanthetoan1/.m2/repository/jakarta/activation/jakarta.activation-api/2.1.3/jakarta.activation-api-2.1.3.jar:/home/phanthetoan1/.m2/repository/org/eclipse/angus/angus-activation/2.0.2/angus-activation-2.0.2.jar:/home/phanthetoan1/.m2/repository/org/springframework/boot/spring-boot-starter-oauth2-client/3.3.9/spring-boot-starter-oauth2-client-3.3.9.jar:/home/phanthetoan1/.m2/repository/org/springframework/security/spring-security-config/6.3.7/spring-security-config-6.3.7.jar:/home/phanthetoan1/.m2/repository/org/springframework/security/spring-security-core/6.3.7/spring-security-core-6.3.7.jar:/home/phanthetoan1/.m2/repository/org/springframework/security/spring-security-crypto/6.3.7/spring-security-crypto-6.3.7.jar:/home/phanthetoan1/.m2/repository/io/micrometer/micrometer-observation/1.13.11/micrometer-observation-1.13.11.jar:/home/phanthetoan1/.m2/repository/io/micrometer/micrometer-commons/1.13.11/micrometer-commons-1.13.11.jar:/home/phanthetoan1/.m2/repository/org/springframework/security/spring-security-oauth2-client/6.3.7/spring-security-oauth2-client-6.3.7.jar:/home/phanthetoan1/.m2/repository/org/springframework/security/spring-security-oauth2-core/6.3.7/spring-security-oauth2-core-6.3.7.jar:/home/phanthetoan1/.m2/repository/com/nimbusds/oauth2-oidc-sdk/9.43.6/oauth2-oidc-sdk-9.43.6.jar:/home/phanthetoan1/.m2/repository/com/github/stephenc/jcip/jcip-annotations/1.0-1/jcip-annotations-1.0-1.jar:/home/phanthetoan1/.m2/repository/com/nimbusds/content-type/2.2/content-type-2.2.jar:/home/phanthetoan1/.m2/repository/com/nimbusds/lang-tag/1.7/lang-tag-1.7.jar:/home/phanthetoan1/.m2/repository/org/springframework/security/spring-security-oauth2-jose/6.3.7/spring-security-oauth2-jose-6.3.7.jar:/home/phanthetoan1/.m2/repository/com/nimbusds/nimbus-jose-jwt/9.37.3/nimbus-jose-jwt-9.37.3.jar:/home/phanthetoan1/.m2/repository/org/springframework/boot/spring-boot-starter-security/3.3.9/spring-boot-starter-security-3.3.9.jar:/home/phanthetoan1/.m2/repository/org/springframework/spring-aop/6.1.17/spring-aop-6.1.17.jar:/home/phanthetoan1/.m2/repository/org/springframework/security/spring-security-web/6.3.7/spring-security-web-6.3.7.jar:/home/phanthetoan1/.m2/repository/org/springframework/boot/spring-boot-starter-web/3.3.9/spring-boot-starter-web-3.3.9.jar:/home/phanthetoan1/.m2/repository/org/springframework/boot/spring-boot-starter-json/3.3.9/spring-boot-starter-json-3.3.9.jar:/home/phanthetoan1/.m2/repository/com/fasterxml/jackson/datatype/jackson-datatype-jdk8/2.17.3/jackson-datatype-jdk8-2.17.3.jar:/home/phanthetoan1/.m2/repository/com/fasterxml/jackson/datatype/jackson-datatype-jsr310/2.17.3/jackson-datatype-jsr310-2.17.3.jar:/home/phanthetoan1/.m2/repository/com/fasterxml/jackson/module/jackson-module-parameter-names/2.17.3/jackson-module-parameter-names-2.17.3.jar:/home/phanthetoan1/.m2/repository/org/springframework/boot/spring-boot-starter-tomcat/3.3.9/spring-boot-starter-tomcat-3.3.9.jar:/home/phanthetoan1/.m2/repository/org/apache/tomcat/embed/tomcat-embed-core/10.1.36/tomcat-embed-core-10.1.36.jar:/home/phanthetoan1/.m2/repository/org/apache/tomcat/embed/tomcat-embed-websocket/10.1.36/tomcat-embed-websocket-10.1.36.jar:/home/phanthetoan1/.m2/repository/org/springframework/spring-web/6.1.17/spring-web-6.1.17.jar:/home/phanthetoan1/.m2/repository/org/springframework/spring-webmvc/6.1.17/spring-webmvc-6.1.17.jar:/home/phanthetoan1/.m2/repository/io/github/cdimascio/dotenv-java/3.0.0/dotenv-java-3.0.0.jar:/home/phanthetoan1/.m2/repository/software/amazon/awssdk/s3/2.20.0/s3-2.20.0.jar:/home/phanthetoan1/.m2/repository/software/amazon/awssdk/aws-xml-protocol/2.20.0/aws-xml-protocol-2.20.0.jar:/home/phanthetoan1/.m2/repository/software/amazon/awssdk/aws-query-protocol/2.20.0/aws-query-protocol-2.20.0.jar:/home/phanthetoan1/.m2/repository/software/amazon/awssdk/protocol-core/2.20.0/protocol-core-2.20.0.jar:/home/phanthetoan1/.m2/repository/software/amazon/awssdk/arns/2.20.0/arns-2.20.0.jar:/home/phanthetoan1/.m2/repository/software/amazon/awssdk/profiles/2.20.0/profiles-2.20.0.jar:/home/phanthetoan1/.m2/repository/software/amazon/awssdk/sdk-core/2.20.0/sdk-core-2.20.0.jar:/home/phanthetoan1/.m2/repository/org/reactivestreams/reactive-streams/1.0.4/reactive-streams-1.0.4.jar:/home/phanthetoan1/.m2/repository/software/amazon/awssdk/auth/2.20.0/auth-2.20.0.jar:/home/phanthetoan1/.m2/repository/software/amazon/eventstream/eventstream/1.0.1/eventstream-1.0.1.jar:/home/phanthetoan1/.m2/repository/software/amazon/awssdk/http-client-spi/2.20.0/http-client-spi-2.20.0.jar:/home/phanthetoan1/.m2/repository/software/amazon/awssdk/regions/2.20.0/regions-2.20.0.jar:/home/phanthetoan1/.m2/repository/software/amazon/awssdk/annotations/2.20.0/annotations-2.20.0.jar:/home/phanthetoan1/.m2/repository/software/amazon/awssdk/utils/2.20.0/utils-2.20.0.jar:/home/phanthetoan1/.m2/repository/software/amazon/awssdk/aws-core/2.20.0/aws-core-2.20.0.jar:/home/phanthetoan1/.m2/repository/software/amazon/awssdk/metrics-spi/2.20.0/metrics-spi-2.20.0.jar:/home/phanthetoan1/.m2/repository/software/amazon/awssdk/json-utils/2.20.0/json-utils-2.20.0.jar:/home/phanthetoan1/.m2/repository/software/amazon/awssdk/third-party-jackson-core/2.20.0/third-party-jackson-core-2.20.0.jar:/home/phanthetoan1/.m2/repository/software/amazon/awssdk/endpoints-spi/2.20.0/endpoints-spi-2.20.0.jar:/home/phanthetoan1/.m2/repository/software/amazon/awssdk/apache-client/2.20.0/apache-client-2.20.0.jar:/home/phanthetoan1/.m2/repository/org/apache/httpcomponents/httpclient/4.5.13/httpclient-4.5.13.jar:/home/phanthetoan1/.m2/repository/commons-logging/commons-logging/1.2/commons-logging-1.2.jar:/home/phanthetoan1/.m2/repository/commons-codec/commons-codec/1.16.1/commons-codec-1.16.1.jar:/home/phanthetoan1/.m2/repository/org/apache/httpcomponents/httpcore/4.4.16/httpcore-4.4.16.jar:/home/phanthetoan1/.m2/repository/software/amazon/awssdk/netty-nio-client/2.20.0/netty-nio-client-2.20.0.jar:/home/phanthetoan1/.m2/repository/io/netty/netty-codec-http/4.1.118.Final/netty-codec-http-4.1.118.Final.jar:/home/phanthetoan1/.m2/repository/io/netty/netty-codec-http2/4.1.118.Final/netty-codec-http2-4.1.118.Final.jar:/home/phanthetoan1/.m2/repository/io/netty/netty-codec/4.1.118.Final/netty-codec-4.1.118.Final.jar:/home/phanthetoan1/.m2/repository/io/netty/netty-transport/4.1.118.Final/netty-transport-4.1.118.Final.jar:/home/phanthetoan1/.m2/repository/io/netty/netty-resolver/4.1.118.Final/netty-resolver-4.1.118.Final.jar:/home/phanthetoan1/.m2/repository/io/netty/netty-common/4.1.118.Final/netty-common-4.1.118.Final.jar:/home/phanthetoan1/.m2/repository/io/netty/netty-buffer/4.1.118.Final/netty-buffer-4.1.118.Final.jar:/home/phanthetoan1/.m2/repository/io/netty/netty-handler/4.1.118.Final/netty-handler-4.1.118.Final.jar:/home/phanthetoan1/.m2/repository/io/netty/netty-transport-native-unix-common/4.1.118.Final/netty-transport-native-unix-common-4.1.118.Final.jar:/home/phanthetoan1/.m2/repository/io/netty/netty-transport-classes-epoll/4.1.118.Final/netty-transport-classes-epoll-4.1.118.Final.jar:/home/phanthetoan1/.m2/repository/org/springframework/boot/spring-boot-devtools/3.3.9/spring-boot-devtools-3.3.9.jar:/home/phanthetoan1/.m2/repository/org/springframework/boot/spring-boot/3.3.9/spring-boot-3.3.9.jar:/home/phanthetoan1/.m2/repository/org/springframework/boot/spring-boot-autoconfigure/3.3.9/spring-boot-autoconfigure-3.3.9.jar:/home/phanthetoan1/.m2/repository/org/projectlombok/lombok/1.18.36/lombok-1.18.36.jar:/home/phanthetoan1/.m2/repository/org/springframework/boot/spring-boot-starter-validation/3.3.9/spring-boot-starter-validation-3.3.9.jar:/home/phanthetoan1/.m2/repository/org/apache/tomcat/embed/tomcat-embed-el/10.1.36/tomcat-embed-el-10.1.36.jar:/home/phanthetoan1/.m2/repository/org/springframework/boot/spring-boot-starter-test/3.3.9/spring-boot-starter-test-3.3.9.jar:/home/phanthetoan1/.m2/repository/org/springframework/boot/spring-boot-test/3.3.9/spring-boot-test-3.3.9.jar:/home/phanthetoan1/.m2/repository/org/springframework/boot/spring-boot-test-autoconfigure/3.3.9/spring-boot-test-autoconfigure-3.3.9.jar:/home/phanthetoan1/.m2/repository/com/jayway/jsonpath/json-path/2.9.0/json-path-2.9.0.jar:/home/phanthetoan1/.m2/repository/jakarta/xml/bind/jakarta.xml.bind-api/4.0.2/jakarta.xml.bind-api-4.0.2.jar:/home/phanthetoan1/.m2/repository/net/minidev/json-smart/2.5.2/json-smart-2.5.2.jar:/home/phanthetoan1/.m2/repository/net/minidev/accessors-smart/2.5.2/accessors-smart-2.5.2.jar:/home/phanthetoan1/.m2/repository/org/ow2/asm/asm/9.7.1/asm-9.7.1.jar:/home/phanthetoan1/.m2/repository/org/assertj/assertj-core/3.25.3/assertj-core-3.25.3.jar:/home/phanthetoan1/.m2/repository/net/bytebuddy/byte-buddy/1.14.19/byte-buddy-1.14.19.jar:/home/phanthetoan1/.m2/repository/org/awaitility/awaitility/4.2.2/awaitility-4.2.2.jar:/home/phanthetoan1/.m2/repository/org/hamcrest/hamcrest/2.2/hamcrest-2.2.jar:/home/phanthetoan1/.m2/repository/org/junit/jupiter/junit-jupiter/5.10.5/junit-jupiter-5.10.5.jar:/home/phanthetoan1/.m2/repository/org/junit/jupiter/junit-jupiter-api/5.10.5/junit-jupiter-api-5.10.5.jar:/home/phanthetoan1/.m2/repository/org/opentest4j/opentest4j/1.3.0/opentest4j-1.3.0.jar:/home/phanthetoan1/.m2/repository/org/junit/platform/junit-platform-commons/1.10.5/junit-platform-commons-1.10.5.jar:/home/phanthetoan1/.m2/repository/org/apiguardian/apiguardian-api/1.1.2/apiguardian-api-1.1.2.jar:/home/phanthetoan1/.m2/repository/org/junit/jupiter/junit-jupiter-params/5.10.5/junit-jupiter-params-5.10.5.jar:/home/phanthetoan1/.m2/repository/org/junit/jupiter/junit-jupiter-engine/5.10.5/junit-jupiter-engine-5.10.5.jar:/home/phanthetoan1/.m2/repository/org/junit/platform/junit-platform-engine/1.10.5/junit-platform-engine-1.10.5.jar:/home/phanthetoan1/.m2/repository/org/mockito/mockito-core/5.11.0/mockito-core-5.11.0.jar:/home/phanthetoan1/.m2/repository/net/bytebuddy/byte-buddy-agent/1.14.19/byte-buddy-agent-1.14.19.jar:/home/phanthetoan1/.m2/repository/org/objenesis/objenesis/3.3/objenesis-3.3.jar:/home/phanthetoan1/.m2/repository/org/mockito/mockito-junit-jupiter/5.11.0/mockito-junit-jupiter-5.11.0.jar:/home/phanthetoan1/.m2/repository/org/skyscreamer/jsonassert/1.5.3/jsonassert-1.5.3.jar:/home/phanthetoan1/.m2/repository/com/vaadin/external/google/android-json/0.0.20131108.vaadin1/android-json-0.0.20131108.vaadin1.jar:/home/phanthetoan1/.m2/repository/org/springframework/spring-core/6.1.17/spring-core-6.1.17.jar:/home/phanthetoan1/.m2/repository/org/springframework/spring-jcl/6.1.17/spring-jcl-6.1.17.jar:/home/phanthetoan1/.m2/repository/org/springframework/spring-test/6.1.17/spring-test-6.1.17.jar:/home/phanthetoan1/.m2/repository/org/xmlunit/xmlunit-core/2.9.1/xmlunit-core-2.9.1.jar:/home/phanthetoan1/.m2/repository/io/projectreactor/reactor-test/3.6.14/reactor-test-3.6.14.jar:/home/phanthetoan1/.m2/repository/io/projectreactor/reactor-core/3.6.14/reactor-core-3.6.14.jar:/home/phanthetoan1/.m2/repository/org/springframework/security/spring-security-test/6.3.7/spring-security-test-6.3.7.jar:/home/phanthetoan1/.m2/repository/org/hibernate/validator/hibernate-validator/8.0.1.Final/hibernate-validator-8.0.1.Final.jar:/home/phanthetoan1/.m2/repository/org/jboss/logging/jboss-logging/3.5.3.Final/jboss-logging-3.5.3.Final.jar:/home/phanthetoan1/.m2/repository/com/fasterxml/classmate/1.7.0/classmate-1.7.0.jar:/home/phanthetoan1/.m2/repository/jakarta/validation/jakarta.validation-api/3.0.2/jakarta.validation-api-3.0.2.jar:"/>
    <property name="java.vm.vendor" value="Ubuntu"/>
    <property name="sun.arch.data.model" value="64"/>
    <property name="java.vendor.url" value="https://ubuntu.com/"/>
    <property name="user.timezone" value="Asia/Bangkok"/>
    <property name="org.jboss.logging.provider" value="slf4j"/>
    <property name="os.name" value="Linux"/>
    <property name="java.vm.specification.version" value="17"/>
    <property name="sun.java.launcher" value="SUN_STANDARD"/>
    <property name="user.country" value="US"/>
    <property name="sun.boot.library.path" value="/usr/lib/jvm/java-17-openjdk-amd64/lib"/>
    <property name="sun.java.command" value="/home/phanthetoan1/PTT-Workspaces/2024.2/Web/web-2024.2/backend/target/surefire/surefirebooter-20250402002021790_3.jar /home/phanthetoan1/PTT-Workspaces/2024.2/Web/web-2024.2/backend/target/surefire 2025-04-02T00-20-21_743-jvmRun1 surefire-20250402002021790_1tmp surefire_0-20250402002021790_2tmp"/>
    <property name="jdk.debug" value="release"/>
    <property name="surefire.test.class.path" value="/home/phanthetoan1/PTT-Workspaces/2024.2/Web/web-2024.2/backend/target/test-classes:/home/phanthetoan1/PTT-Workspaces/2024.2/Web/web-2024.2/backend/target/classes:/home/phanthetoan1/.m2/repository/io/jsonwebtoken/jjwt-api/0.12.6/jjwt-api-0.12.6.jar:/home/phanthetoan1/.m2/repository/io/jsonwebtoken/jjwt/0.12.6/jjwt-0.12.6.jar:/home/phanthetoan1/.m2/repository/io/jsonwebtoken/jjwt-impl/0.12.6/jjwt-impl-0.12.6.jar:/home/phanthetoan1/.m2/repository/io/jsonwebtoken/jjwt-jackson/0.12.6/jjwt-jackson-0.12.6.jar:/home/phanthetoan1/.m2/repository/com/fasterxml/jackson/core/jackson-databind/2.17.3/jackson-databind-2.17.3.jar:/home/phanthetoan1/.m2/repository/com/fasterxml/jackson/core/jackson-annotations/2.17.3/jackson-annotations-2.17.3.jar:/home/phanthetoan1/.m2/repository/com/fasterxml/jackson/core/jackson-core/2.17.3/jackson-core-2.17.3.jar:/home/phanthetoan1/.m2/repository/org/springframework/boot/spring-boot-starter-data-mongodb/3.3.9/spring-boot-starter-data-mongodb-3.3.9.jar:/home/phanthetoan1/.m2/repository/org/springframework/boot/spring-boot-starter/3.3.9/spring-boot-starter-3.3.9.jar:/home/phanthetoan1/.m2/repository/org/springframework/boot/spring-boot-starter-logging/3.3.9/spring-boot-starter-logging-3.3.9.jar:/home/phanthetoan1/.m2/repository/ch/qos/logback/logback-classic/1.5.16/logback-classic-1.5.16.jar:/home/phanthetoan1/.m2/repository/ch/qos/logback/logback-core/1.5.16/logback-core-1.5.16.jar:/home/phanthetoan1/.m2/repository/org/apache/logging/log4j/log4j-to-slf4j/2.23.1/log4j-to-slf4j-2.23.1.jar:/home/phanthetoan1/.m2/repository/org/apache/logging/log4j/log4j-api/2.23.1/log4j-api-2.23.1.jar:/home/phanthetoan1/.m2/repository/org/slf4j/jul-to-slf4j/2.0.16/jul-to-slf4j-2.0.16.jar:/home/phanthetoan1/.m2/repository/jakarta/annotation/jakarta.annotation-api/2.1.1/jakarta.annotation-api-2.1.1.jar:/home/phanthetoan1/.m2/repository/org/yaml/snakeyaml/2.2/snakeyaml-2.2.jar:/home/phanthetoan1/.m2/repository/org/mongodb/mongodb-driver-sync/5.0.1/mongodb-driver-sync-5.0.1.jar:/home/phanthetoan1/.m2/repository/org/mongodb/bson/5.0.1/bson-5.0.1.jar:/home/phanthetoan1/.m2/repository/org/mongodb/mongodb-driver-core/5.0.1/mongodb-driver-core-5.0.1.jar:/home/phanthetoan1/.m2/repository/org/mongodb/bson-record-codec/5.0.1/bson-record-codec-5.0.1.jar:/home/phanthetoan1/.m2/repository/org/springframework/data/spring-data-mongodb/4.3.9/spring-data-mongodb-4.3.9.jar:/home/phanthetoan1/.m2/repository/org/springframework/spring-tx/6.1.17/spring-tx-6.1.17.jar:/home/phanthetoan1/.m2/repository/org/springframework/spring-context/6.1.17/spring-context-6.1.17.jar:/home/phanthetoan1/.m2/repository/org/springframework/spring-beans/6.1.17/spring-beans-6.1.17.jar:/home/phanthetoan1/.m2/repository/org/springframework/spring-expression/6.1.17/spring-expression-6.1.17.jar:/home/phanthetoan1/.m2/repository/org/springframework/data/spring-data-commons/3.3.9/spring-data-commons-3.3.9.jar:/home/phanthetoan1/.m2/repository/org/slf4j/slf4j-api/2.0.16/slf4j-api-2.0.16.jar:/home/phanthetoan1/.m2/repository/org/springframework/boot/spring-boot-starter-mail/3.3.9/spring-boot-starter-mail-3.3.9.jar:/home/phanthetoan1/.m2/repository/org/springframework/spring-context-support/6.1.17/spring-context-support-6.1.17.jar:/home/phanthetoan1/.m2/repository/org/eclipse/angus/jakarta.mail/2.0.3/jakarta.mail-2.0.3.jar:/home/phanthetoan1/.m2/repository/jakarta/activation/jakarta.activation-api/2.1.3/jakarta.activation-api-2.1.3.jar:/home/phanthetoan1/.m2/repository/org/eclipse/angus/angus-activation/2.0.2/angus-activation-2.0.2.jar:/home/phanthetoan1/.m2/repository/org/springframework/boot/spring-boot-starter-oauth2-client/3.3.9/spring-boot-starter-oauth2-client-3.3.9.jar:/home/phanthetoan1/.m2/repository/org/springframework/security/spring-security-config/6.3.7/spring-security-config-6.3.7.jar:/home/phanthetoan1/.m2/repository/org/springframework/security/spring-security-core/6.3.7/spring-security-core-6.3.7.jar:/home/phanthetoan1/.m2/repository/org/springframework/security/spring-security-crypto/6.3.7/spring-security-crypto-6.3.7.jar:/home/phanthetoan1/.m2/repository/io/micrometer/micrometer-observation/1.13.11/micrometer-observation-1.13.11.jar:/home/phanthetoan1/.m2/repository/io/micrometer/micrometer-commons/1.13.11/micrometer-commons-1.13.11.jar:/home/phanthetoan1/.m2/repository/org/springframework/security/spring-security-oauth2-client/6.3.7/spring-security-oauth2-client-6.3.7.jar:/home/phanthetoan1/.m2/repository/org/springframework/security/spring-security-oauth2-core/6.3.7/spring-security-oauth2-core-6.3.7.jar:/home/phanthetoan1/.m2/repository/com/nimbusds/oauth2-oidc-sdk/9.43.6/oauth2-oidc-sdk-9.43.6.jar:/home/phanthetoan1/.m2/repository/com/github/stephenc/jcip/jcip-annotations/1.0-1/jcip-annotations-1.0-1.jar:/home/phanthetoan1/.m2/repository/com/nimbusds/content-type/2.2/content-type-2.2.jar:/home/phanthetoan1/.m2/repository/com/nimbusds/lang-tag/1.7/lang-tag-1.7.jar:/home/phanthetoan1/.m2/repository/org/springframework/security/spring-security-oauth2-jose/6.3.7/spring-security-oauth2-jose-6.3.7.jar:/home/phanthetoan1/.m2/repository/com/nimbusds/nimbus-jose-jwt/9.37.3/nimbus-jose-jwt-9.37.3.jar:/home/phanthetoan1/.m2/repository/org/springframework/boot/spring-boot-starter-security/3.3.9/spring-boot-starter-security-3.3.9.jar:/home/phanthetoan1/.m2/repository/org/springframework/spring-aop/6.1.17/spring-aop-6.1.17.jar:/home/phanthetoan1/.m2/repository/org/springframework/security/spring-security-web/6.3.7/spring-security-web-6.3.7.jar:/home/phanthetoan1/.m2/repository/org/springframework/boot/spring-boot-starter-web/3.3.9/spring-boot-starter-web-3.3.9.jar:/home/phanthetoan1/.m2/repository/org/springframework/boot/spring-boot-starter-json/3.3.9/spring-boot-starter-json-3.3.9.jar:/home/phanthetoan1/.m2/repository/com/fasterxml/jackson/datatype/jackson-datatype-jdk8/2.17.3/jackson-datatype-jdk8-2.17.3.jar:/home/phanthetoan1/.m2/repository/com/fasterxml/jackson/datatype/jackson-datatype-jsr310/2.17.3/jackson-datatype-jsr310-2.17.3.jar:/home/phanthetoan1/.m2/repository/com/fasterxml/jackson/module/jackson-module-parameter-names/2.17.3/jackson-module-parameter-names-2.17.3.jar:/home/phanthetoan1/.m2/repository/org/springframework/boot/spring-boot-starter-tomcat/3.3.9/spring-boot-starter-tomcat-3.3.9.jar:/home/phanthetoan1/.m2/repository/org/apache/tomcat/embed/tomcat-embed-core/10.1.36/tomcat-embed-core-10.1.36.jar:/home/phanthetoan1/.m2/repository/org/apache/tomcat/embed/tomcat-embed-websocket/10.1.36/tomcat-embed-websocket-10.1.36.jar:/home/phanthetoan1/.m2/repository/org/springframework/spring-web/6.1.17/spring-web-6.1.17.jar:/home/phanthetoan1/.m2/repository/org/springframework/spring-webmvc/6.1.17/spring-webmvc-6.1.17.jar:/home/phanthetoan1/.m2/repository/io/github/cdimascio/dotenv-java/3.0.0/dotenv-java-3.0.0.jar:/home/phanthetoan1/.m2/repository/software/amazon/awssdk/s3/2.20.0/s3-2.20.0.jar:/home/phanthetoan1/.m2/repository/software/amazon/awssdk/aws-xml-protocol/2.20.0/aws-xml-protocol-2.20.0.jar:/home/phanthetoan1/.m2/repository/software/amazon/awssdk/aws-query-protocol/2.20.0/aws-query-protocol-2.20.0.jar:/home/phanthetoan1/.m2/repository/software/amazon/awssdk/protocol-core/2.20.0/protocol-core-2.20.0.jar:/home/phanthetoan1/.m2/repository/software/amazon/awssdk/arns/2.20.0/arns-2.20.0.jar:/home/phanthetoan1/.m2/repository/software/amazon/awssdk/profiles/2.20.0/profiles-2.20.0.jar:/home/phanthetoan1/.m2/repository/software/amazon/awssdk/sdk-core/2.20.0/sdk-core-2.20.0.jar:/home/phanthetoan1/.m2/repository/org/reactivestreams/reactive-streams/1.0.4/reactive-streams-1.0.4.jar:/home/phanthetoan1/.m2/repository/software/amazon/awssdk/auth/2.20.0/auth-2.20.0.jar:/home/phanthetoan1/.m2/repository/software/amazon/eventstream/eventstream/1.0.1/eventstream-1.0.1.jar:/home/phanthetoan1/.m2/repository/software/amazon/awssdk/http-client-spi/2.20.0/http-client-spi-2.20.0.jar:/home/phanthetoan1/.m2/repository/software/amazon/awssdk/regions/2.20.0/regions-2.20.0.jar:/home/phanthetoan1/.m2/repository/software/amazon/awssdk/annotations/2.20.0/annotations-2.20.0.jar:/home/phanthetoan1/.m2/repository/software/amazon/awssdk/utils/2.20.0/utils-2.20.0.jar:/home/phanthetoan1/.m2/repository/software/amazon/awssdk/aws-core/2.20.0/aws-core-2.20.0.jar:/home/phanthetoan1/.m2/repository/software/amazon/awssdk/metrics-spi/2.20.0/metrics-spi-2.20.0.jar:/home/phanthetoan1/.m2/repository/software/amazon/awssdk/json-utils/2.20.0/json-utils-2.20.0.jar:/home/phanthetoan1/.m2/repository/software/amazon/awssdk/third-party-jackson-core/2.20.0/third-party-jackson-core-2.20.0.jar:/home/phanthetoan1/.m2/repository/software/amazon/awssdk/endpoints-spi/2.20.0/endpoints-spi-2.20.0.jar:/home/phanthetoan1/.m2/repository/software/amazon/awssdk/apache-client/2.20.0/apache-client-2.20.0.jar:/home/phanthetoan1/.m2/repository/org/apache/httpcomponents/httpclient/4.5.13/httpclient-4.5.13.jar:/home/phanthetoan1/.m2/repository/commons-logging/commons-logging/1.2/commons-logging-1.2.jar:/home/phanthetoan1/.m2/repository/commons-codec/commons-codec/1.16.1/commons-codec-1.16.1.jar:/home/phanthetoan1/.m2/repository/org/apache/httpcomponents/httpcore/4.4.16/httpcore-4.4.16.jar:/home/phanthetoan1/.m2/repository/software/amazon/awssdk/netty-nio-client/2.20.0/netty-nio-client-2.20.0.jar:/home/phanthetoan1/.m2/repository/io/netty/netty-codec-http/4.1.118.Final/netty-codec-http-4.1.118.Final.jar:/home/phanthetoan1/.m2/repository/io/netty/netty-codec-http2/4.1.118.Final/netty-codec-http2-4.1.118.Final.jar:/home/phanthetoan1/.m2/repository/io/netty/netty-codec/4.1.118.Final/netty-codec-4.1.118.Final.jar:/home/phanthetoan1/.m2/repository/io/netty/netty-transport/4.1.118.Final/netty-transport-4.1.118.Final.jar:/home/phanthetoan1/.m2/repository/io/netty/netty-resolver/4.1.118.Final/netty-resolver-4.1.118.Final.jar:/home/phanthetoan1/.m2/repository/io/netty/netty-common/4.1.118.Final/netty-common-4.1.118.Final.jar:/home/phanthetoan1/.m2/repository/io/netty/netty-buffer/4.1.118.Final/netty-buffer-4.1.118.Final.jar:/home/phanthetoan1/.m2/repository/io/netty/netty-handler/4.1.118.Final/netty-handler-4.1.118.Final.jar:/home/phanthetoan1/.m2/repository/io/netty/netty-transport-native-unix-common/4.1.118.Final/netty-transport-native-unix-common-4.1.118.Final.jar:/home/phanthetoan1/.m2/repository/io/netty/netty-transport-classes-epoll/4.1.118.Final/netty-transport-classes-epoll-4.1.118.Final.jar:/home/phanthetoan1/.m2/repository/org/springframework/boot/spring-boot-devtools/3.3.9/spring-boot-devtools-3.3.9.jar:/home/phanthetoan1/.m2/repository/org/springframework/boot/spring-boot/3.3.9/spring-boot-3.3.9.jar:/home/phanthetoan1/.m2/repository/org/springframework/boot/spring-boot-autoconfigure/3.3.9/spring-boot-autoconfigure-3.3.9.jar:/home/phanthetoan1/.m2/repository/org/projectlombok/lombok/1.18.36/lombok-1.18.36.jar:/home/phanthetoan1/.m2/repository/org/springframework/boot/spring-boot-starter-validation/3.3.9/spring-boot-starter-validation-3.3.9.jar:/home/phanthetoan1/.m2/repository/org/apache/tomcat/embed/tomcat-embed-el/10.1.36/tomcat-embed-el-10.1.36.jar:/home/phanthetoan1/.m2/repository/org/springframework/boot/spring-boot-starter-test/3.3.9/spring-boot-starter-test-3.3.9.jar:/home/phanthetoan1/.m2/repository/org/springframework/boot/spring-boot-test/3.3.9/spring-boot-test-3.3.9.jar:/home/phanthetoan1/.m2/repository/org/springframework/boot/spring-boot-test-autoconfigure/3.3.9/spring-boot-test-autoconfigure-3.3.9.jar:/home/phanthetoan1/.m2/repository/com/jayway/jsonpath/json-path/2.9.0/json-path-2.9.0.jar:/home/phanthetoan1/.m2/repository/jakarta/xml/bind/jakarta.xml.bind-api/4.0.2/jakarta.xml.bind-api-4.0.2.jar:/home/phanthetoan1/.m2/repository/net/minidev/json-smart/2.5.2/json-smart-2.5.2.jar:/home/phanthetoan1/.m2/repository/net/minidev/accessors-smart/2.5.2/accessors-smart-2.5.2.jar:/home/phanthetoan1/.m2/repository/org/ow2/asm/asm/9.7.1/asm-9.7.1.jar:/home/phanthetoan1/.m2/repository/org/assertj/assertj-core/3.25.3/assertj-core-3.25.3.jar:/home/phanthetoan1/.m2/repository/net/bytebuddy/byte-buddy/1.14.19/byte-buddy-1.14.19.jar:/home/phanthetoan1/.m2/repository/org/awaitility/awaitility/4.2.2/awaitility-4.2.2.jar:/home/phanthetoan1/.m2/repository/org/hamcrest/hamcrest/2.2/hamcrest-2.2.jar:/home/phanthetoan1/.m2/repository/org/junit/jupiter/junit-jupiter/5.10.5/junit-jupiter-5.10.5.jar:/home/phanthetoan1/.m2/repository/org/junit/jupiter/junit-jupiter-api/5.10.5/junit-jupiter-api-5.10.5.jar:/home/phanthetoan1/.m2/repository/org/opentest4j/opentest4j/1.3.0/opentest4j-1.3.0.jar:/home/phanthetoan1/.m2/repository/org/junit/platform/junit-platform-commons/1.10.5/junit-platform-commons-1.10.5.jar:/home/phanthetoan1/.m2/repository/org/apiguardian/apiguardian-api/1.1.2/apiguardian-api-1.1.2.jar:/home/phanthetoan1/.m2/repository/org/junit/jupiter/junit-jupiter-params/5.10.5/junit-jupiter-params-5.10.5.jar:/home/phanthetoan1/.m2/repository/org/junit/jupiter/junit-jupiter-engine/5.10.5/junit-jupiter-engine-5.10.5.jar:/home/phanthetoan1/.m2/repository/org/junit/platform/junit-platform-engine/1.10.5/junit-platform-engine-1.10.5.jar:/home/phanthetoan1/.m2/repository/org/mockito/mockito-core/5.11.0/mockito-core-5.11.0.jar:/home/phanthetoan1/.m2/repository/net/bytebuddy/byte-buddy-agent/1.14.19/byte-buddy-agent-1.14.19.jar:/home/phanthetoan1/.m2/repository/org/objenesis/objenesis/3.3/objenesis-3.3.jar:/home/phanthetoan1/.m2/repository/org/mockito/mockito-junit-jupiter/5.11.0/mockito-junit-jupiter-5.11.0.jar:/home/phanthetoan1/.m2/repository/org/skyscreamer/jsonassert/1.5.3/jsonassert-1.5.3.jar:/home/phanthetoan1/.m2/repository/com/vaadin/external/google/android-json/0.0.20131108.vaadin1/android-json-0.0.20131108.vaadin1.jar:/home/phanthetoan1/.m2/repository/org/springframework/spring-core/6.1.17/spring-core-6.1.17.jar:/home/phanthetoan1/.m2/repository/org/springframework/spring-jcl/6.1.17/spring-jcl-6.1.17.jar:/home/phanthetoan1/.m2/repository/org/springframework/spring-test/6.1.17/spring-test-6.1.17.jar:/home/phanthetoan1/.m2/repository/org/xmlunit/xmlunit-core/2.9.1/xmlunit-core-2.9.1.jar:/home/phanthetoan1/.m2/repository/io/projectreactor/reactor-test/3.6.14/reactor-test-3.6.14.jar:/home/phanthetoan1/.m2/repository/io/projectreactor/reactor-core/3.6.14/reactor-core-3.6.14.jar:/home/phanthetoan1/.m2/repository/org/springframework/security/spring-security-test/6.3.7/spring-security-test-6.3.7.jar:/home/phanthetoan1/.m2/repository/org/hibernate/validator/hibernate-validator/8.0.1.Final/hibernate-validator-8.0.1.Final.jar:/home/phanthetoan1/.m2/repository/org/jboss/logging/jboss-logging/3.5.3.Final/jboss-logging-3.5.3.Final.jar:/home/phanthetoan1/.m2/repository/com/fasterxml/classmate/1.7.0/classmate-1.7.0.jar:/home/phanthetoan1/.m2/repository/jakarta/validation/jakarta.validation-api/3.0.2/jakarta.validation-api-3.0.2.jar:"/>
    <property name="sun.cpu.endian" value="little"/>
    <property name="user.home" value="/home/phanthetoan1"/>
    <property name="user.language" value="en"/>
    <property name="java.specification.vendor" value="Oracle Corporation"/>
    <property name="java.version.date" value="2025-01-21"/>
    <property name="java.home" value="/usr/lib/jvm/java-17-openjdk-amd64"/>
    <property name="file.separator" value="/"/>
    <property name="basedir" value="/home/phanthetoan1/PTT-Workspaces/2024.2/Web/web-2024.2/backend"/>
    <property name="java.vm.compressedOopsMode" value="Zero based"/>
    <property name="line.separator" value="&#10;"/>
    <property name="java.specification.name" value="Java Platform API Specification"/>
    <property name="java.vm.specification.vendor" value="Oracle Corporation"/>
    <property name="FILE_LOG_CHARSET" value="UTF-8"/>
    <property name="java.awt.headless" value="true"/>
    <property name="surefire.real.class.path" value="/home/phanthetoan1/PTT-Workspaces/2024.2/Web/web-2024.2/backend/target/surefire/surefirebooter-20250402002021790_3.jar"/>
    <property name="sun.management.compiler" value="HotSpot 64-Bit Tiered Compilers"/>
    <property name="java.runtime.version" value="17.0.14+7-Ubuntu-124.04"/>
    <property name="user.name" value="phanthetoan1"/>
    <property name="path.separator" value=":"/>
    <property name="os.version" value="6.11.0-19-generic"/>
    <property name="java.runtime.name" value="OpenJDK Runtime Environment"/>
    <property name="file.encoding" value="UTF-8"/>
    <property name="java.vm.name" value="OpenJDK 64-Bit Server VM"/>
    <property name="localRepository" value="/home/phanthetoan1/.m2/repository"/>
    <property name="java.vendor.url.bug" value="https://bugs.launchpad.net/ubuntu/+source/openjdk-17"/>
    <property name="java.io.tmpdir" value="/tmp"/>
    <property name="java.version" value="17.0.14"/>
    <property name="user.dir" value="/home/phanthetoan1/PTT-Workspaces/2024.2/Web/web-2024.2/backend"/>
    <property name="os.arch" value="amd64"/>
    <property name="java.vm.specification.name" value="Java Virtual Machine Specification"/>
    <property name="PID" value="16084"/>
    <property name="CONSOLE_LOG_CHARSET" value="UTF-8"/>
    <property name="native.encoding" value="UTF-8"/>
    <property name="java.library.path" value="/usr/java/packages/lib:/usr/lib/x86_64-linux-gnu/jni:/lib/x86_64-linux-gnu:/usr/lib/x86_64-linux-gnu:/usr/lib/jni:/lib:/usr/lib"/>
    <property name="java.vm.info" value="mixed mode, sharing"/>
    <property name="java.vendor" value="Ubuntu"/>
    <property name="java.vm.version" value="17.0.14+7-Ubuntu-124.04"/>
    <property name="java.specification.maintenance.version" value="1"/>
    <property name="sun.io.unicode.encoding" value="UnicodeLittle"/>
    <property name="java.class.version" value="61.0"/>
    <property name="LOGGED_APPLICATION_NAME" value="[webcourse] "/>
  </properties>
  <testcase name="contextLoads" classname="web20242.webcourse.WebcourseApplicationTests" time="0.54">
    <system-out><![CDATA[Standard Commons Logging discovery in action with spring-jcl: please remove commons-logging.jar from classpath in order to avoid potential conflicts
00:20:22.177 [main] INFO org.springframework.test.context.support.AnnotationConfigContextLoaderUtils -- Could not detect default configuration classes for test class [web20242.webcourse.WebcourseApplicationTests]: WebcourseApplicationTests does not declare any static, non-private, non-final, nested classes annotated with @Configuration.
00:20:22.228 [main] INFO org.springframework.boot.test.context.SpringBootTestContextBootstrapper -- Found @SpringBootConfiguration web20242.webcourse.WebcourseApplication for test class web20242.webcourse.WebcourseApplicationTests
00:20:22.307 [main] INFO org.springframework.boot.devtools.restart.RestartApplicationListener -- Restart disabled due to context in which it is running

  .   ____          _            __ _ _
 /\\ / ___'_ __ _ _(_)_ __  __ _ \ \ \ \
( ( )\___ | '_ | '_| | '_ \/ _` | \ \ \ \
 \\/  ___)| |_)| | | | | || (_| |  ) ) ) )
  '  |____| .__|_| |_|_| |_\__, | / / / /
 =========|_|==============|___/=/_/_/_/

 :: Spring Boot ::                (v3.3.9)

2025-04-02T00:20:22.450+07:00  INFO 16084 --- [webcourse] [           main] w.webcourse.WebcourseApplicationTests    : Starting WebcourseApplicationTests using Java 17.0.14 with PID 16084 (started by phanthetoan1 in /home/phanthetoan1/PTT-Workspaces/2024.2/Web/web-2024.2/backend)
2025-04-02T00:20:22.451+07:00  INFO 16084 --- [webcourse] [           main] w.webcourse.WebcourseApplicationTests    : The following 1 profile is active: "test"
2025-04-02T00:20:22.853+07:00  INFO 16084 --- [webcourse] [           main] .s.d.r.c.RepositoryConfigurationDelegate : Bootstrapping Spring Data MongoDB repositories in DEFAULT mode.
2025-04-02T00:20:22.933+07:00  INFO 16084 --- [webcourse] [           main] .s.d.r.c.RepositoryConfigurationDelegate : Finished Spring Data repository scanning in 77 ms. Found 9 MongoDB repository interfaces.
2025-04-02T00:20:23.298+07:00  INFO 16084 --- [webcourse] [           main] org.mongodb.driver.client                : MongoClient with metadata {"application": {"name": "Cluster0"}, "driver": {"name": "mongo-java-driver|sync|spring-boot", "version": "5.0.1"}, "os": {"type": "Linux", "name": "Linux", "architecture": "amd64", "version": "6.11.0-19-generic"}, "platform": "Java/Ubuntu/17.0.14+7-Ubuntu-124.04"} created with settings MongoClientSettings{readPreference=primary, writeConcern=WriteConcern{w=majority, wTimeout=null ms, journal=null}, retryWrites=true, retryReads=true, readConcern=ReadConcern{level=null}, credential=MongoCredential{mechanism=null, userName='toanphan', source='admin', password=<hidden>, mechanismProperties=<hidden>}, transportSettings=null, commandListeners=[], codecRegistry=ProvidersCodecRegistry{codecProviders=[ValueCodecProvider{}, BsonValueCodecProvider{}, DBRefCodecProvider{}, DBObjectCodecProvider{}, DocumentCodecProvider{}, CollectionCodecProvider{}, IterableCodecProvider{}, MapCodecProvider{}, GeoJsonCodecProvider{}, GridFSFileCodecProvider{}, Jsr310CodecProvider{}, JsonObjectCodecProvider{}, BsonCodecProvider{}, EnumCodecProvider{}, com.mongodb.client.model.mql.ExpressionCodecProvider@76a7fcbd, com.mongodb.Jep395RecordCodecProvider@433ea2ac, com.mongodb.KotlinCodecProvider@7f977fba]}, loggerSettings=LoggerSettings{maxDocumentLength=1000}, clusterSettings={hosts=[127.0.0.1:27017], srvHost=cluster0.ktovu.mongodb.net, srvServiceName=mongodb, mode=MULTIPLE, requiredClusterType=REPLICA_SET, requiredReplicaSetName='atlas-r58opu-shard-0', serverSelector='null', clusterListeners='[]', serverSelectionTimeout='30000 ms', localThreshold='15 ms'}, socketSettings=SocketSettings{connectTimeoutMS=10000, readTimeoutMS=0, receiveBufferSize=0, proxySettings=ProxySettings{host=null, port=null, username=null, password=null}}, heartbeatSocketSettings=SocketSettings{connectTimeoutMS=10000, readTimeoutMS=10000, receiveBufferSize=0, proxySettings=ProxySettings{host=null, port=null, username=null, password=null}}, connectionPoolSettings=ConnectionPoolSettings{maxSize=100, minSize=0, maxWaitTimeMS=120000, maxConnectionLifeTimeMS=0, maxConnectionIdleTimeMS=0, maintenanceInitialDelayMS=0, maintenanceFrequencyMS=60000, connectionPoolListeners=[], maxConnecting=2}, serverSettings=ServerSettings{heartbeatFrequencyMS=10000, minHeartbeatFrequencyMS=500, serverListeners='[]', serverMonitorListeners='[]'}, sslSettings=SslSettings{enabled=true, invalidHostNameAllowed=false, context=null}, applicationName='Cluster0', compressorList=[], uuidRepresentation=JAVA_LEGACY, serverApi=null, autoEncryptionSettings=null, dnsClient=null, inetAddressResolver=null, contextProvider=null}
2025-04-02T00:20:23.384+07:00  INFO 16084 --- [webcourse] [ovu.mongodb.net] org.mongodb.driver.cluster               : Adding discovered server cluster0-shard-00-02.ktovu.mongodb.net:27017 to client view of cluster
2025-04-02T00:20:23.402+07:00  INFO 16084 --- [webcourse] [ovu.mongodb.net] org.mongodb.driver.cluster               : Adding discovered server cluster0-shard-00-01.ktovu.mongodb.net:27017 to client view of cluster
2025-04-02T00:20:23.405+07:00  INFO 16084 --- [webcourse] [ovu.mongodb.net] org.mongodb.driver.cluster               : Adding discovered server cluster0-shard-00-00.ktovu.mongodb.net:27017 to client view of cluster
2025-04-02T00:20:23.591+07:00  INFO 16084 --- [webcourse] [           main] eAuthenticationProviderManagerConfigurer : Global AuthenticationManager configured with AuthenticationProvider bean with name authenticationProvider
2025-04-02T00:20:23.591+07:00  WARN 16084 --- [webcourse] [           main] r$InitializeUserDetailsManagerConfigurer : Global AuthenticationManager configured with an AuthenticationProvider bean. UserDetailsService beans will not be used for username/password login. Consider removing the AuthenticationProvider bean. Alternatively, consider using the UserDetailsService in a manually instantiated DaoAuthenticationProvider.
2025-04-02T00:20:24.359+07:00  INFO 16084 --- [webcourse] [ngodb.net:27017] org.mongodb.driver.cluster               : Monitor thread successfully connected to server with description ServerDescription{address=cluster0-shard-00-02.ktovu.mongodb.net:27017, type=REPLICA_SET_SECONDARY, state=CONNECTED, ok=true, minWireVersion=0, maxWireVersion=25, maxDocumentSize=16777216, logicalSessionTimeoutMinutes=30, roundTripTimeNanos=414806518, setName='atlas-r58opu-shard-0', canonicalAddress=cluster0-shard-00-02.ktovu.mongodb.net:27017, hosts=[cluster0-shard-00-02.ktovu.mongodb.net:27017, cluster0-shard-00-00.ktovu.mongodb.net:27017, cluster0-shard-00-01.ktovu.mongodb.net:27017], passives=[], arbiters=[], primary='cluster0-shard-00-01.ktovu.mongodb.net:27017', tagSet=TagSet{[Tag{name='availabilityZone', value='ape1-az3'}, Tag{name='diskState', value='READY'}, Tag{name='nodeType', value='ELECTABLE'}, Tag{name='provider', value='AWS'}, Tag{name='region', value='AP_EAST_1'}, Tag{name='workloadType', value='OPERATIONAL'}]}, electionId=null, setVersion=6, topologyVersion=TopologyVersion{processId=67ebe527ddf548e94b40942a, counter=3}, lastWriteDate=Wed Apr 02 00:20:24 ICT 2025, lastUpdateTimeNanos=3515407458735}
2025-04-02T00:20:24.369+07:00  INFO 16084 --- [webcourse] [           main] w.webcourse.WebcourseApplicationTests    : Started WebcourseApplicationTests in 2.068 seconds (process running for 2.546)
2025-04-02T00:20:24.387+07:00  INFO 16084 --- [webcourse] [ngodb.net:27017] org.mongodb.driver.cluster               : Monitor thread successfully connected to server with description ServerDescription{address=cluster0-shard-00-00.ktovu.mongodb.net:27017, type=REPLICA_SET_SECONDARY, state=CONNECTED, ok=true, minWireVersion=0, maxWireVersion=25, maxDocumentSize=16777216, logicalSessionTimeoutMinutes=30, roundTripTimeNanos=488922936, setName='atlas-r58opu-shard-0', canonicalAddress=cluster0-shard-00-00.ktovu.mongodb.net:27017, hosts=[cluster0-shard-00-02.ktovu.mongodb.net:27017, cluster0-shard-00-00.ktovu.mongodb.net:27017, cluster0-shard-00-01.ktovu.mongodb.net:27017], passives=[], arbiters=[], primary='cluster0-shard-00-01.ktovu.mongodb.net:27017', tagSet=TagSet{[Tag{name='availabilityZone', value='ape1-az1'}, Tag{name='diskState', value='READY'}, Tag{name='nodeType', value='ELECTABLE'}, Tag{name='provider', value='AWS'}, Tag{name='region', value='AP_EAST_1'}, Tag{name='workloadType', value='OPERATIONAL'}]}, electionId=null, setVersion=6, topologyVersion=TopologyVersion{processId=67ebe4c405397696cfefb630, counter=4}, lastWriteDate=Wed Apr 02 00:20:24 ICT 2025, lastUpdateTimeNanos=3515436899695}
2025-04-02T00:20:24.676+07:00  INFO 16084 --- [webcourse] [ngodb.net:27017] org.mongodb.driver.cluster               : Monitor thread successfully connected to server with description ServerDescription{address=cluster0-shard-00-01.ktovu.mongodb.net:27017, type=REPLICA_SET_PRIMARY, state=CONNECTED, ok=true, minWireVersion=0, maxWireVersion=25, maxDocumentSize=16777216, logicalSessionTimeoutMinutes=30, roundTripTimeNanos=742547024, setName='atlas-r58opu-shard-0', canonicalAddress=cluster0-shard-00-01.ktovu.mongodb.net:27017, hosts=[cluster0-shard-00-02.ktovu.mongodb.net:27017, cluster0-shard-00-00.ktovu.mongodb.net:27017, cluster0-shard-00-01.ktovu.mongodb.net:27017], passives=[], arbiters=[], primary='cluster0-shard-00-01.ktovu.mongodb.net:27017', tagSet=TagSet{[Tag{name='availabilityZone', value='ape1-az2'}, Tag{name='diskState', value='READY'}, Tag{name='nodeType', value='ELECTABLE'}, Tag{name='provider', value='AWS'}, Tag{name='region', value='AP_EAST_1'}, Tag{name='workloadType', value='OPERATIONAL'}]}, electionId=7fffffff000000000000005f, setVersion=6, topologyVersion=TopologyVersion{processId=67ebe4f6f8ce4ef7dafa1ddc, counter=6}, lastWriteDate=Wed Apr 02 00:20:24 ICT 2025, lastUpdateTimeNanos=3515726479506}
2025-04-02T00:20:24.677+07:00  INFO 16084 --- [webcourse] [ngodb.net:27017] org.mongodb.driver.cluster               : Discovered replica set primary cluster0-shard-00-01.ktovu.mongodb.net:27017 with max election id 7fffffff000000000000005f and max set version 6
]]></system-out>
  </testcase>
</testsuite>